d:\rocherleo\gameengine\gameengine\x64\debug\vc143.pdb
d:\rocherleo\gameengine\gameengine\x64\debug\vc143.idb
d:\rocherleo\gameengine\gameengine\x64\debug\window.obj
d:\rocherleo\gameengine\gameengine\x64\debug\vector2.obj
d:\rocherleo\gameengine\gameengine\x64\debug\timer.obj
d:\rocherleo\gameengine\gameengine\x64\debug\renderer.obj
d:\rocherleo\gameengine\gameengine\x64\debug\main.obj
d:\rocherleo\gameengine\gameengine\x64\debug\log.obj
d:\rocherleo\gameengine\gameengine\x64\debug\game.obj
d:\rocherleo\gameengine\gameengine\x64\debug\component.obj
d:\rocherleo\gameengine\gameengine\x64\debug\actor.obj
d:\rocherleo\gameengine\gameengine\x64\debug\gameengine.ilk
d:\rocherleo\gameengine\x64\debug\gameengine.exe
d:\rocherleo\gameengine\x64\debug\gameengine.pdb
d:\rocherleo\gameengine\gameengine\x64\debug\gameengine.tlog\cl.command.1.tlog
d:\rocherleo\gameengine\gameengine\x64\debug\gameengine.tlog\cl.items.tlog
d:\rocherleo\gameengine\gameengine\x64\debug\gameengine.tlog\cl.read.1.tlog
d:\rocherleo\gameengine\gameengine\x64\debug\gameengine.tlog\cl.write.1.tlog
d:\rocherleo\gameengine\gameengine\x64\debug\gameengine.tlog\link.command.1.tlog
d:\rocherleo\gameengine\gameengine\x64\debug\gameengine.tlog\link.read.1.tlog
d:\rocherleo\gameengine\gameengine\x64\debug\gameengine.tlog\link.write.1.tlog
